<?xml version="1.0" encoding="UTF-8"?>
<!-- Generated by org.testng.reporters.JUnitReportReporter -->
<testsuite skipped="0" hostname="LAPTOP-4PCTMNT8" name="testcases.LoginTest" tests="2" failures="0" timestamp="02 May 2023 10:55:13 GMT" time="8.859" errors="0">
  <testcase name="positive" time="4.839" classname="testcases.LoginTest"/>
  <testcase name="negative" time="4.020" classname="testcases.LoginTest"/>
</testsuite> <!-- testcases.LoginTest -->
